2020-05-19 13:38:15.530  INFO 1244 --- [restartedMain] c.h.homepage.HomepageApplication         : Starting HomepageApplication on DESKTOP-GEFTG00 with PID 1244 (C:\Users\xixih\IdeaProjects\homepage\target\classes started by xixih in C:\Users\xixih\IdeaProjects\homepage)
2020-05-19 13:38:15.530  INFO 1244 --- [restartedMain] c.h.homepage.HomepageApplication         : No active profile set, falling back to default profiles: default
2020-05-19 13:38:15.686  INFO 1244 --- [restartedMain] o.s.b.devtools.restart.ChangeableUrls    : The Class-Path manifest attribute in C:\Users\xixih\.m2\repository\org\glassfish\jaxb\jaxb-runtime\2.3.2\jaxb-runtime-2.3.2.jar referenced one or more files that do not exist: file:/C:/Users/xixih/.m2/repository/org/glassfish/jaxb/jaxb-runtime/2.3.2/jakarta.xml.bind-api-2.3.2.jar,file:/C:/Users/xixih/.m2/repository/org/glassfish/jaxb/jaxb-runtime/2.3.2/txw2-2.3.2.jar,file:/C:/Users/xixih/.m2/repository/org/glassfish/jaxb/jaxb-runtime/2.3.2/istack-commons-runtime-3.0.8.jar,file:/C:/Users/xixih/.m2/repository/org/glassfish/jaxb/jaxb-runtime/2.3.2/stax-ex-1.8.1.jar,file:/C:/Users/xixih/.m2/repository/org/glassfish/jaxb/jaxb-runtime/2.3.2/FastInfoset-1.2.16.jar,file:/C:/Users/xixih/.m2/repository/org/glassfish/jaxb/jaxb-runtime/2.3.2/jakarta.activation-api-1.2.1.jar
2020-05-19 13:38:15.686  INFO 1244 --- [restartedMain] .e.DevToolsPropertyDefaultsPostProcessor : Devtools property defaults active! Set 'spring.devtools.add-properties' to 'false' to disable
2020-05-19 13:38:15.686  INFO 1244 --- [restartedMain] .e.DevToolsPropertyDefaultsPostProcessor : For additional web related logging consider setting the 'logging.level.web' property to 'DEBUG'
2020-05-19 13:38:19.156  INFO 1244 --- [restartedMain] .s.d.r.c.RepositoryConfigurationDelegate : Bootstrapping Spring Data JPA repositories in DEFAULT mode.
2020-05-19 13:38:19.499  INFO 1244 --- [restartedMain] .s.d.r.c.RepositoryConfigurationDelegate : Finished Spring Data repository scanning in 265ms. Found 9 JPA repository interfaces.
2020-05-19 13:38:21.734  INFO 1244 --- [restartedMain] o.s.b.w.embedded.tomcat.TomcatWebServer  : Tomcat initialized with port(s): 80 (http)
2020-05-19 13:38:21.796  INFO 1244 --- [restartedMain] o.apache.catalina.core.StandardService   : Starting service [Tomcat]
2020-05-19 13:38:21.796  INFO 1244 --- [restartedMain] org.apache.catalina.core.StandardEngine  : Starting Servlet engine: [Apache Tomcat/9.0.31]
2020-05-19 13:38:22.062  INFO 1244 --- [restartedMain] o.a.c.c.C.[Tomcat].[localhost].[/]       : Initializing Spring embedded WebApplicationContext
2020-05-19 13:38:22.062  INFO 1244 --- [restartedMain] o.s.web.context.ContextLoader            : Root WebApplicationContext: initialization completed in 6361 ms
2020-05-19 13:38:22.718  INFO 1244 --- [restartedMain] o.hibernate.jpa.internal.util.LogHelper  : HHH000204: Processing PersistenceUnitInfo [name: default]
2020-05-19 13:38:22.952  INFO 1244 --- [restartedMain] org.hibernate.Version                    : HHH000412: Hibernate ORM core version 5.4.12.Final
2020-05-19 13:38:23.202  INFO 1244 --- [restartedMain] o.hibernate.annotations.common.Version   : HCANN000001: Hibernate Commons Annotations {5.1.0.Final}
2020-05-19 13:38:23.593  INFO 1244 --- [restartedMain] com.zaxxer.hikari.HikariDataSource       : HikariPool-1 - Starting...
2020-05-19 13:38:24.077  INFO 1244 --- [restartedMain] com.zaxxer.hikari.HikariDataSource       : HikariPool-1 - Start completed.
2020-05-19 13:38:24.140  INFO 1244 --- [restartedMain] org.hibernate.dialect.Dialect            : HHH000400: Using dialect: org.hibernate.dialect.MySQL8Dialect
2020-05-19 13:38:26.030  INFO 1244 --- [restartedMain] o.h.e.t.j.p.i.JtaPlatformInitiator       : HHH000490: Using JtaPlatform implementation: [org.hibernate.engine.transaction.jta.platform.internal.NoJtaPlatform]
2020-05-19 13:38:26.030  INFO 1244 --- [restartedMain] j.LocalContainerEntityManagerFactoryBean : Initialized JPA EntityManagerFactory for persistence unit 'default'
2020-05-19 13:38:27.155  INFO 1244 --- [restartedMain] o.s.b.d.a.OptionalLiveReloadServer       : LiveReload server is running on port 35729
2020-05-19 13:38:28.030  WARN 1244 --- [restartedMain] JpaBaseConfiguration$JpaWebConfiguration : spring.jpa.open-in-view is enabled by default. Therefore, database queries may be performed during view rendering. Explicitly configure spring.jpa.open-in-view to disable this warning
2020-05-19 13:38:29.077  WARN 1244 --- [restartedMain] .c.m.RepositoryCollectionResourceMapping : @RestResource detected to customize the repository resource for cn.huangchengxi.homepage.repository.ImageRepository! Use @RepositoryRestResource instead!
2020-05-19 13:38:29.077  WARN 1244 --- [restartedMain] .c.m.RepositoryCollectionResourceMapping : @RestResource detected to customize the repository resource for cn.huangchengxi.homepage.repository.RecommendedBookRepository! Use @RepositoryRestResource instead!
2020-05-19 13:38:29.092  WARN 1244 --- [restartedMain] .c.m.RepositoryCollectionResourceMapping : @RestResource detected to customize the repository resource for cn.huangchengxi.homepage.repository.UserRepository! Use @RepositoryRestResource instead!
2020-05-19 13:38:29.092  WARN 1244 --- [restartedMain] .c.m.RepositoryCollectionResourceMapping : @RestResource detected to customize the repository resource for cn.huangchengxi.homepage.repository.DanmuRepository! Use @RepositoryRestResource instead!
2020-05-19 13:38:29.108  WARN 1244 --- [restartedMain] .c.m.RepositoryCollectionResourceMapping : @RestResource detected to customize the repository resource for cn.huangchengxi.homepage.repository.CountryRepository! Use @RepositoryRestResource instead!
2020-05-19 13:38:29.108  WARN 1244 --- [restartedMain] .c.m.RepositoryCollectionResourceMapping : @RestResource detected to customize the repository resource for cn.huangchengxi.homepage.repository.ExpRepository! Use @RepositoryRestResource instead!
2020-05-19 13:38:29.124  WARN 1244 --- [restartedMain] .c.m.RepositoryCollectionResourceMapping : @RestResource detected to customize the repository resource for cn.huangchengxi.homepage.repository.ExpTypeRepository! Use @RepositoryRestResource instead!
2020-05-19 13:38:30.405  INFO 1244 --- [restartedMain] o.s.s.concurrent.ThreadPoolTaskExecutor  : Initializing ExecutorService 'applicationTaskExecutor'
2020-05-19 13:38:30.842  INFO 1244 --- [restartedMain] o.s.b.a.w.s.WelcomePageHandlerMapping    : Adding welcome page template: index
2020-05-19 13:38:35.811  INFO 1244 --- [restartedMain] o.s.s.web.DefaultSecurityFilterChain     : Creating filter chain: Ant [pattern='/'], []
2020-05-19 13:38:35.811  INFO 1244 --- [restartedMain] o.s.s.web.DefaultSecurityFilterChain     : Creating filter chain: Ant [pattern='/index'], []
2020-05-19 13:38:35.811  INFO 1244 --- [restartedMain] o.s.s.web.DefaultSecurityFilterChain     : Creating filter chain: Ant [pattern='/login'], []
2020-05-19 13:38:35.811  INFO 1244 --- [restartedMain] o.s.s.web.DefaultSecurityFilterChain     : Creating filter chain: Ant [pattern='/login-processing'], []
2020-05-19 13:38:35.823  INFO 1244 --- [restartedMain] o.s.s.web.DefaultSecurityFilterChain     : Creating filter chain: Ant [pattern='/error'], []
2020-05-19 13:38:36.362  INFO 1244 --- [restartedMain] o.s.s.web.DefaultSecurityFilterChain     : Creating filter chain: any request, [org.springframework.security.web.context.request.async.WebAsyncManagerIntegrationFilter@47ee9af6, org.springframework.security.web.context.SecurityContextPersistenceFilter@276ab90, org.springframework.security.web.header.HeaderWriterFilter@6f9b0af1, org.springframework.security.web.authentication.logout.LogoutFilter@151f9f83, cn.huangchengxi.homepage.security.LoginAuthenticationFilter@57d009ee, org.springframework.security.web.authentication.UsernamePasswordAuthenticationFilter@75576ea6, org.springframework.security.web.savedrequest.RequestCacheAwareFilter@4c8354ff, org.springframework.security.web.servletapi.SecurityContextHolderAwareRequestFilter@451838a5, org.springframework.security.web.authentication.AnonymousAuthenticationFilter@2765ddb5, org.springframework.security.web.session.SessionManagementFilter@393f7f60, org.springframework.security.web.access.ExceptionTranslationFilter@213f9e07, org.springframework.security.web.access.intercept.FilterSecurityInterceptor@4a40acdf]
2020-05-19 13:38:36.977  INFO 1244 --- [restartedMain] o.s.b.w.embedded.tomcat.TomcatWebServer  : Tomcat started on port(s): 80 (http) with context path ''
2020-05-19 13:38:36.977  INFO 1244 --- [restartedMain] c.h.homepage.HomepageApplication         : Started HomepageApplication in 23.206 seconds (JVM running for 27.077)
2020-05-19 13:38:44.183  INFO 1244 --- [http-nio-80-exec-1] o.a.c.c.C.[Tomcat].[localhost].[/]       : Initializing Spring DispatcherServlet 'dispatcherServlet'
2020-05-19 13:38:44.183  INFO 1244 --- [http-nio-80-exec-1] o.s.web.servlet.DispatcherServlet        : Initializing Servlet 'dispatcherServlet'
2020-05-19 13:38:44.239  INFO 1244 --- [http-nio-80-exec-1] o.s.web.servlet.DispatcherServlet        : Completed initialization in 52 ms
2020-05-19 13:38:44.859  INFO 1244 --- [http-nio-80-exec-1] c.h.homepage.config.LogInterceptor       : HOST:0:0:0:0:0:0:0:1;Device:Mozilla/5.0 (Windows NT 10.0; Win64; x64) AppleWebKit/537.36 (KHTML, like Gecko) Chrome/81.0.4044.138 Safari/537.36;RequestUrl:/
2020-05-19 13:38:46.249  INFO 1244 --- [http-nio-80-exec-4] c.h.homepage.config.LogInterceptor       : HOST:0:0:0:0:0:0:0:1;Device:Mozilla/5.0 (Windows NT 10.0; Win64; x64) AppleWebKit/537.36 (KHTML, like Gecko) Chrome/81.0.4044.138 Safari/537.36;RequestUrl:/notes
2020-05-19 13:38:46.377  INFO 1244 --- [http-nio-80-exec-7] c.h.homepage.config.LogInterceptor       : HOST:0:0:0:0:0:0:0:1;Device:Mozilla/5.0 (Windows NT 10.0; Win64; x64) AppleWebKit/537.36 (KHTML, like Gecko) Chrome/81.0.4044.138 Safari/537.36;RequestUrl:/error
2020-05-19 13:38:46.377  INFO 1244 --- [http-nio-80-exec-10] c.h.homepage.config.LogInterceptor       : HOST:0:0:0:0:0:0:0:1;Device:Mozilla/5.0 (Windows NT 10.0; Win64; x64) AppleWebKit/537.36 (KHTML, like Gecko) Chrome/81.0.4044.138 Safari/537.36;RequestUrl:/error
2020-05-19 13:38:46.381  INFO 1244 --- [http-nio-80-exec-1] c.h.homepage.config.LogInterceptor       : HOST:0:0:0:0:0:0:0:1;Device:Mozilla/5.0 (Windows NT 10.0; Win64; x64) AppleWebKit/537.36 (KHTML, like Gecko) Chrome/81.0.4044.138 Safari/537.36;RequestUrl:/error
2020-05-19 13:38:46.409  INFO 1244 --- [http-nio-80-exec-2] c.h.homepage.config.LogInterceptor       : HOST:0:0:0:0:0:0:0:1;Device:Mozilla/5.0 (Windows NT 10.0; Win64; x64) AppleWebKit/537.36 (KHTML, like Gecko) Chrome/81.0.4044.138 Safari/537.36;RequestUrl:/error
2020-05-19 13:38:49.719  INFO 1244 --- [http-nio-80-exec-3] c.h.homepage.config.LogInterceptor       : HOST:0:0:0:0:0:0:0:1;Device:Mozilla/5.0 (Windows NT 10.0; Win64; x64) AppleWebKit/537.36 (KHTML, like Gecko) Chrome/81.0.4044.138 Safari/537.36;RequestUrl:/%E6%88%91%E8%83%BD%E5%9C%A8Log%E7%9C%8B%E5%88%B0%E4%BD%A0%E7%9A%84%E8%AE%BF%E9%97%AE%E8%AE%B0%E5%BD%95
2020-05-19 13:38:49.731  INFO 1244 --- [http-nio-80-exec-3] c.h.homepage.config.LogInterceptor       : HOST:0:0:0:0:0:0:0:1;Device:Mozilla/5.0 (Windows NT 10.0; Win64; x64) AppleWebKit/537.36 (KHTML, like Gecko) Chrome/81.0.4044.138 Safari/537.36;RequestUrl:/error
2020-05-19 13:38:57.694  INFO 1244 --- [http-nio-80-exec-7] c.h.homepage.config.LogInterceptor       : HOST:0:0:0:0:0:0:0:1;Device:Mozilla/5.0 (Windows NT 10.0; Win64; x64) AppleWebKit/537.36 (KHTML, like Gecko) Chrome/81.0.4044.138 Safari/537.36;RequestUrl:/notes
2020-05-19 13:38:57.813  INFO 1244 --- [http-nio-80-exec-3] c.h.homepage.config.LogInterceptor       : HOST:0:0:0:0:0:0:0:1;Device:Mozilla/5.0 (Windows NT 10.0; Win64; x64) AppleWebKit/537.36 (KHTML, like Gecko) Chrome/81.0.4044.138 Safari/537.36;RequestUrl:/error
2020-05-19 13:38:57.809  INFO 1244 --- [http-nio-80-exec-5] c.h.homepage.config.LogInterceptor       : HOST:0:0:0:0:0:0:0:1;Device:Mozilla/5.0 (Windows NT 10.0; Win64; x64) AppleWebKit/537.36 (KHTML, like Gecko) Chrome/81.0.4044.138 Safari/537.36;RequestUrl:/error
2020-05-19 13:38:57.803  INFO 1244 --- [http-nio-80-exec-9] c.h.homepage.config.LogInterceptor       : HOST:0:0:0:0:0:0:0:1;Device:Mozilla/5.0 (Windows NT 10.0; Win64; x64) AppleWebKit/537.36 (KHTML, like Gecko) Chrome/81.0.4044.138 Safari/537.36;RequestUrl:/error
2020-05-19 13:38:57.825  INFO 1244 --- [http-nio-80-exec-4] c.h.homepage.config.LogInterceptor       : HOST:0:0:0:0:0:0:0:1;Device:Mozilla/5.0 (Windows NT 10.0; Win64; x64) AppleWebKit/537.36 (KHTML, like Gecko) Chrome/81.0.4044.138 Safari/537.36;RequestUrl:/error
2020-05-19 13:40:21.350  INFO 10144 --- [main] c.h.homepage.HomepageApplicationTests    : Starting HomepageApplicationTests on DESKTOP-GEFTG00 with PID 10144 (started by xixih in C:\Users\xixih\IdeaProjects\homepage)
2020-05-19 13:40:21.366  INFO 10144 --- [main] c.h.homepage.HomepageApplicationTests    : No active profile set, falling back to default profiles: default
2020-05-19 13:40:23.348  INFO 10144 --- [main] .s.d.r.c.RepositoryConfigurationDelegate : Bootstrapping Spring Data JPA repositories in DEFAULT mode.
2020-05-19 13:40:23.739  INFO 10144 --- [main] .s.d.r.c.RepositoryConfigurationDelegate : Finished Spring Data repository scanning in 361ms. Found 9 JPA repository interfaces.
2020-05-19 13:40:26.298  INFO 10144 --- [main] o.hibernate.jpa.internal.util.LogHelper  : HHH000204: Processing PersistenceUnitInfo [name: default]
2020-05-19 13:40:26.501  INFO 10144 --- [main] org.hibernate.Version                    : HHH000412: Hibernate ORM core version 5.4.12.Final
2020-05-19 13:40:26.829  INFO 10144 --- [main] o.hibernate.annotations.common.Version   : HCANN000001: Hibernate Commons Annotations {5.1.0.Final}
2020-05-19 13:40:27.319  INFO 10144 --- [main] com.zaxxer.hikari.HikariDataSource       : HikariPool-1 - Starting...
2020-05-19 13:40:27.696  INFO 10144 --- [main] com.zaxxer.hikari.HikariDataSource       : HikariPool-1 - Start completed.
2020-05-19 13:40:27.758  INFO 10144 --- [main] org.hibernate.dialect.Dialect            : HHH000400: Using dialect: org.hibernate.dialect.MySQL8Dialect
2020-05-19 13:40:29.994  INFO 10144 --- [main] o.h.e.t.j.p.i.JtaPlatformInitiator       : HHH000490: Using JtaPlatform implementation: [org.hibernate.engine.transaction.jta.platform.internal.NoJtaPlatform]
2020-05-19 13:40:30.010  INFO 10144 --- [main] j.LocalContainerEntityManagerFactoryBean : Initialized JPA EntityManagerFactory for persistence unit 'default'
2020-05-19 13:40:31.761  WARN 10144 --- [main] JpaBaseConfiguration$JpaWebConfiguration : spring.jpa.open-in-view is enabled by default. Therefore, database queries may be performed during view rendering. Explicitly configure spring.jpa.open-in-view to disable this warning
2020-05-19 13:40:32.873  WARN 10144 --- [main] .c.m.RepositoryCollectionResourceMapping : @RestResource detected to customize the repository resource for cn.huangchengxi.homepage.repository.ImageRepository! Use @RepositoryRestResource instead!
2020-05-19 13:40:32.887  WARN 10144 --- [main] .c.m.RepositoryCollectionResourceMapping : @RestResource detected to customize the repository resource for cn.huangchengxi.homepage.repository.CountryRepository! Use @RepositoryRestResource instead!
2020-05-19 13:40:32.897  WARN 10144 --- [main] .c.m.RepositoryCollectionResourceMapping : @RestResource detected to customize the repository resource for cn.huangchengxi.homepage.repository.DanmuRepository! Use @RepositoryRestResource instead!
2020-05-19 13:40:32.905  WARN 10144 --- [main] .c.m.RepositoryCollectionResourceMapping : @RestResource detected to customize the repository resource for cn.huangchengxi.homepage.repository.RecommendedBookRepository! Use @RepositoryRestResource instead!
2020-05-19 13:40:32.907  WARN 10144 --- [main] .c.m.RepositoryCollectionResourceMapping : @RestResource detected to customize the repository resource for cn.huangchengxi.homepage.repository.ExpRepository! Use @RepositoryRestResource instead!
2020-05-19 13:40:32.917  WARN 10144 --- [main] .c.m.RepositoryCollectionResourceMapping : @RestResource detected to customize the repository resource for cn.huangchengxi.homepage.repository.UserRepository! Use @RepositoryRestResource instead!
2020-05-19 13:40:32.917  WARN 10144 --- [main] .c.m.RepositoryCollectionResourceMapping : @RestResource detected to customize the repository resource for cn.huangchengxi.homepage.repository.ExpTypeRepository! Use @RepositoryRestResource instead!
2020-05-19 13:40:34.041  INFO 10144 --- [main] o.s.s.concurrent.ThreadPoolTaskExecutor  : Initializing ExecutorService 'applicationTaskExecutor'
2020-05-19 13:40:34.368  INFO 10144 --- [main] o.s.b.a.w.s.WelcomePageHandlerMapping    : Adding welcome page template: index
2020-05-19 13:40:35.933  INFO 10144 --- [main] o.s.s.web.DefaultSecurityFilterChain     : Creating filter chain: Ant [pattern='/'], []
2020-05-19 13:40:35.937  INFO 10144 --- [main] o.s.s.web.DefaultSecurityFilterChain     : Creating filter chain: Ant [pattern='/index'], []
2020-05-19 13:40:35.949  INFO 10144 --- [main] o.s.s.web.DefaultSecurityFilterChain     : Creating filter chain: Ant [pattern='/login'], []
2020-05-19 13:40:35.949  INFO 10144 --- [main] o.s.s.web.DefaultSecurityFilterChain     : Creating filter chain: Ant [pattern='/login-processing'], []
2020-05-19 13:40:35.969  INFO 10144 --- [main] o.s.s.web.DefaultSecurityFilterChain     : Creating filter chain: Ant [pattern='/error'], []
2020-05-19 13:40:36.253  INFO 10144 --- [main] o.s.s.web.DefaultSecurityFilterChain     : Creating filter chain: any request, [org.springframework.security.web.context.request.async.WebAsyncManagerIntegrationFilter@1fd35a92, org.springframework.security.web.context.SecurityContextPersistenceFilter@1e4c4fda, org.springframework.security.web.header.HeaderWriterFilter@3ca6bd01, org.springframework.security.web.authentication.logout.LogoutFilter@153409b8, cn.huangchengxi.homepage.security.LoginAuthenticationFilter@f42336c, org.springframework.security.web.authentication.UsernamePasswordAuthenticationFilter@5d98364c, org.springframework.security.web.savedrequest.RequestCacheAwareFilter@903c13, org.springframework.security.web.servletapi.SecurityContextHolderAwareRequestFilter@77881b7a, org.springframework.security.web.authentication.AnonymousAuthenticationFilter@40db6136, org.springframework.security.web.session.SessionManagementFilter@6b52a40, org.springframework.security.web.access.ExceptionTranslationFilter@442310fd, org.springframework.security.web.access.intercept.FilterSecurityInterceptor@78ea700f]
2020-05-19 13:40:36.445  INFO 10144 --- [main] c.h.homepage.HomepageApplicationTests    : Started HomepageApplicationTests in 15.874 seconds (JVM running for 18.19)
2020-05-19 13:40:36.753  INFO 10144 --- [SpringContextShutdownHook] o.s.s.concurrent.ThreadPoolTaskExecutor  : Shutting down ExecutorService 'applicationTaskExecutor'
2020-05-19 13:40:36.763  INFO 10144 --- [SpringContextShutdownHook] j.LocalContainerEntityManagerFactoryBean : Closing JPA EntityManagerFactory for persistence unit 'default'
2020-05-19 13:40:36.771  INFO 10144 --- [SpringContextShutdownHook] com.zaxxer.hikari.HikariDataSource       : HikariPool-1 - Shutdown initiated...
2020-05-19 13:40:36.804  INFO 10144 --- [SpringContextShutdownHook] com.zaxxer.hikari.HikariDataSource       : HikariPool-1 - Shutdown completed.
